<?xml version="1.0" encoding="UTF-8"?>
<!-- Generated by org.testng.reporters.JUnitXMLReporter -->
<testsuite ignored="0" hostname="DESKTOP-OET6KL6" failures="0" tests="9" name="ResourceCentre Test" time="0.039" errors="0" timestamp="2023-12-21T15:54:04 IST">
  <testcase classname="Tests.ResourceCentreTest" name="TC001_VerifyResourcecentrefiles" time="0.0">
    <skipped/>
  </testcase> <!-- TC001_VerifyResourcecentrefiles -->
  <testcase classname="Tests.ResourceCentreTest" name="TC001_VerifyResourcecentrefiles" time="0.0">
    <skipped/>
  </testcase> <!-- TC001_VerifyResourcecentrefiles -->
  <testcase classname="Tests.ResourceCentreTest" name="TC001_VerifyResourcecentrefiles" time="0.0">
    <skipped/>
  </testcase> <!-- TC001_VerifyResourcecentrefiles -->
  <testcase classname="Tests.ResourceCentreTest" name="TC001_VerifyResourcecentrefiles" time="0.0">
    <skipped/>
  </testcase> <!-- TC001_VerifyResourcecentrefiles -->
  <testcase classname="Tests.ResourceCentreTest" name="TC001_VerifyResourcecentrefiles" time="0.0">
    <skipped/>
  </testcase> <!-- TC001_VerifyResourcecentrefiles -->
  <testcase classname="Tests.ResourceCentreTest" name="TC001_VerifyResourcecentrefiles" time="0.0">
    <skipped/>
  </testcase> <!-- TC001_VerifyResourcecentrefiles -->
  <testcase classname="Tests.ResourceCentreTest" name="TC001_VerifyResourcecentrefiles" time="0.0">
    <skipped/>
  </testcase> <!-- TC001_VerifyResourcecentrefiles -->
  <testcase classname="Tests.ResourceCentreTest" name="TC001_VerifyResourcecentrefiles" time="0.0">
    <skipped/>
  </testcase> <!-- TC001_VerifyResourcecentrefiles -->
  <testcase classname="Tests.ResourceCentreTest" name="TC001_VerifyResourcecentrefiles" time="0.0">
    <skipped/>
  </testcase> <!-- TC001_VerifyResourcecentrefiles -->
</testsuite> <!-- ResourceCentre Test -->
